<?xml version="1.0" encoding="UTF-8"?>
<testsuite name="com.bridgelabz.AddressBookMainTest" tests="1" skipped="0" failures="0" errors="0" timestamp="2022-05-22T17:25:00" hostname="root" time="0.015">
  <properties/>
  <testcase name="shouldAnswerWithTrue()" classname="com.bridgelabz.AddressBookMainTest" time="0.015"/>
  <system-out><![CDATA[]]></system-out>
  <system-err><![CDATA[]]></system-err>
</testsuite>
